<?xml version="1.0" encoding="UTF-8"?>
<!-- Generated by org.testng.reporters.JUnitReportReporter -->
<testsuite hostname="LAPTOP-VLNOK0RG" failures="0" tests="1" name="TestCases.TC_OPENCART_001" time="59.979" errors="0" timestamp="2021-05-14T17:18:49 IST" skipped="0">
  <testcase classname="TestCases.TC_OPENCART_001" name="RegisterationTest" time="59.979"/>
  <system-out/>
</testsuite> <!-- TestCases.TC_OPENCART_001 -->
