<?xml version="1.0" encoding="UTF-8"?>
<!-- Generated by org.testng.reporters.JUnitReportReporter -->
<testsuite hostname="LAPTOP-VLNOK0RG" failures="0" tests="1" name="TestCases.TC_OPENCART_004" time="50.339" errors="0" timestamp="2021-05-14T17:40:08 IST" skipped="0">
  <testcase classname="TestCases.TC_OPENCART_004" name="loginTst" time="50.339"/>
  <system-out/>
</testsuite> <!-- TestCases.TC_OPENCART_004 -->
