<?xml version="1.0" encoding="UTF-8"?>
<!-- Generated by org.testng.reporters.JUnitReportReporter -->
<testsuite hostname="LAPTOP-VLNOK0RG" failures="0" tests="1" name="TestCases.TC_OPENCART_003" time="39.258" errors="0" timestamp="2021-05-14T17:45:14 IST" skipped="0">
  <testcase classname="TestCases.TC_OPENCART_003" name="loginTest" time="39.258"/>
  <system-out/>
</testsuite> <!-- TestCases.TC_OPENCART_003 -->
